


ARM Macro Assembler    Page 1 


    1 00000000         ;//-------- <<< Use Configuration Wizard in Context Menu
                        >>> ------------------
    2 00000000         ;*/
    3 00000000         
    4 00000000         
    5 00000000         ; <h> Stack Configuration
    6 00000000         ;   <o> Stack Size (in Bytes) <0x0-0xFFFFFFFF:8>
    7 00000000         ; </h>
    8 00000000         
    9 00000000 00000200 
                       Stack_Size
                               EQU              0x00000200
   10 00000000         
   11 00000000                 AREA             STACK, NOINIT, READWRITE, ALIGN
=3
   12 00000000         Stack_Mem
                               SPACE            Stack_Size
   13 00000200         __initial_sp
   14 00000200         
   15 00000200         
   16 00000200         ; <h> Heap Configuration
   17 00000200         ;   <o>  Heap Size (in Bytes) <0x0-0xFFFFFFFF:8>
   18 00000200         ; </h>
   19 00000200         
   20 00000200 00000100 
                       Heap_Size
                               EQU              0x00000100
   21 00000200         
   22 00000200                 AREA             HEAP, NOINIT, READWRITE, ALIGN=
3
   23 00000000         __heap_base
   24 00000000         Heap_Mem
                               SPACE            Heap_Size
   25 00000100         __heap_limit
   26 00000100         
   27 00000100         
   28 00000100                 PRESERVE8
   29 00000100                 THUMB
   30 00000100         
   31 00000100         
   32 00000100         ; Vector Table Mapped to Address 0 at Reset
   33 00000100         
   34 00000100                 AREA             RESET, DATA, READONLY
   35 00000000                 EXPORT           __Vectors
   36 00000000                 EXPORT           __Vectors_End
   37 00000000                 EXPORT           __Vectors_Size
   38 00000000         
   39 00000000 00000000 
                       __Vectors
                               DCD              __initial_sp ; Top of Stack
   40 00000004 00000000        DCD              Reset_Handler ; Reset Handler
   41 00000008 00000000        DCD              NMI_Handler ; NMI Handler
   42 0000000C 00000000        DCD              HardFault_Handler ; Hard Fault 
                                                            Handler
   43 00000010 00000000        DCD              0           ; Reserved
   44 00000014 00000000        DCD              0           ; Reserved
   45 00000018 00000000        DCD              0           ; Reserved
   46 0000001C 00000000        DCD              0           ; Reserved
   47 00000020 00000000        DCD              0           ; Reserved



ARM Macro Assembler    Page 2 


   48 00000024 00000000        DCD              0           ; Reserved
   49 00000028 00000000        DCD              0           ; Reserved
   50 0000002C 00000000        DCD              SVC_Handler ; SVCall Handler
   51 00000030 00000000        DCD              0           ; Reserved
   52 00000034 00000000        DCD              0           ; Reserved
   53 00000038 00000000        DCD              PendSV_Handler ; PendSV Handler
                                                            
   54 0000003C 00000000        DCD              SysTick_Handler 
                                                            ; SysTick Handler
   55 00000040         
   56 00000040         ; External Interrupts
   57 00000040 00000000        DCD              WakeUp_IRQHandler ; 16+0:  Wake
                                                            up 0 Handler
   58 00000044 00000000        DCD              PWM_Fault_IRQHandler ; 16+1:  P
                                                            WM Fault interrupt 
                                                            Handler
   59 00000048 00000000        DCD              I2C_IRQHandler ; 16+2:  TWS int
                                                            errupt Handler
   60 0000004C 00000000        DCD              TIM0_IRQHandler ; 16+3,  16-bit
                                                             Timer0 Interrupt H
                                                            andler 
   61 00000050 00000000        DCD              TIM1_IRQHandler ; 16+4,  16-bit
                                                             Timer1 Interrupt H
                                                            andler
   62 00000054 00000000        DCD              TIM2_IRQHandler ; 16+5,  16-bit
                                                             Timer2 Interrupt H
                                                            andler
   63 00000058 00000000        DCD              TIM3_IRQHandler ; 16+6,  16-bit
                                                             Timer3 Interrupt H
                                                            andler
   64 0000005C 00000000        DCD              UART0_IRQHandler ; 16+7,  UART0
                                                             Interrupt Handler 
                                                              
   65 00000060 00000000        DCD              UART1_IRQHandler ; 16+8,  UART1
                                                             Interrupt Handler 
                                                               
   66 00000064 00000000        DCD              ADC_IRQHandler ; 16+9,  A/D Con
                                                            verter Interrupt Ha
                                                            ndler
   67 00000068 00000000        DCD              WDT_IRQHandler ; 16+10, Watchdo
                                                            g timer Interrupt H
                                                            andler   
   68 0000006C 00000000        DCD              BOD_IRQHandler ; 16+11, Brown O
                                                            ut Detect(BOD) Inte
                                                            rrupt Handler
   69 00000070 00000000        DCD              GPIOA_IRQHandler ; 16+12, Exter
                                                            nal Interrupt 0 Int
                                                            errupt Handler
   70 00000074 00000000        DCD              GPIOB_IRQHandler ; 16+13, Exter
                                                            nal Interrupt 1 Int
                                                            errupt Handler
   71 00000078 00000000        DCD              GPIOC_IRQHandler ; 16+14, Exter
                                                            nal Interrupt 2 Int
                                                            errupt Handler
   72 0000007C 00000000        DCD              RTC_IRQHandler ; 16+15, RTC Int
                                                            errupt Handler     
                                                                  
   73 00000080 00000000        DCD              SPI_IRQHandler ; 16+16, SSP Int
                                                            errupt Handler     



ARM Macro Assembler    Page 3 


                                                                  
   74 00000084 00000000        DCD              PWM_Reload_IRQHandler ; 16+17, 
                                                            PWM Timer Interrupt
                                                             Handler     
   75 00000088 00000000        DCD              0           ; 16+18: Reserved  
                                                                          
   76 0000008C 00000000        DCD              0           ; 16+19: Reserved
   77 00000090 00000000        DCD              0           ; 16+20: Reserved  
                                                                          
   78 00000094 00000000        DCD              0           ; 16+21: Reserved
   79 00000098 00000000        DCD              0           ; 16+22: Reserved  
                                                                          
   80 0000009C 00000000        DCD              0           ; 16+23: Reserved
   81 000000A0 00000000        DCD              0           ; 16+24: Reserved
   82 000000A4 00000000        DCD              0           ; 16+25: Reserved
   83 000000A8 00000000        DCD              0           ; 16+26: Reserved
   84 000000AC 00000000        DCD              0           ; 16+27: Reserved
   85 000000B0 00000000        DCD              0           ; 16+28: Reserved
   86 000000B4 00000000        DCD              0           ; 16+29: Reserved
   87 000000B8 00000000        DCD              0           ; 16+30: Reserved
   88 000000BC 00000000        DCD              0           ; 16+31: Reserved  
                                                             
   89 000000C0         
   90 000000C0         __Vectors_End
   91 000000C0         
   92 000000C0 000000C0 
                       __Vectors_Size
                               EQU              __Vectors_End - __Vectors
   93 000000C0         
   94 000000C0                 AREA             |.text|, CODE, READONLY
   95 00000000         
   96 00000000         
   97 00000000         ; Reset Handler
   98 00000000         
   99 00000000         Reset_Handler
                               PROC
  100 00000000                 EXPORT           Reset_Handler             [WEAK
]
  101 00000000                 IMPORT           SystemInit
  102 00000000                 IMPORT           __main
  103 00000000 4804            LDR              R0, =SystemInit
  104 00000002 4780            BLX              R0
  105 00000004 4804            LDR              R0, =__main
  106 00000006 4700            BX               R0
  107 00000008                 ENDP
  108 00000008         
  109 00000008         
  110 00000008         ; Dummy Exception Handlers (infinite loops which can be 
                       modified)
  111 00000008         
  112 00000008         NMI_Handler
                               PROC
  113 00000008                 EXPORT           NMI_Handler               [WEAK
]
  114 00000008 E7FE            B                .
  115 0000000A                 ENDP
  117 0000000A         HardFault_Handler
                               PROC
  118 0000000A                 EXPORT           HardFault_Handler         [WEAK



ARM Macro Assembler    Page 4 


]
  119 0000000A E7FE            B                .
  120 0000000C                 ENDP
  121 0000000C         SVC_Handler
                               PROC
  122 0000000C                 EXPORT           SVC_Handler               [WEAK
]
  123 0000000C E7FE            B                .
  124 0000000E                 ENDP
  125 0000000E         PendSV_Handler
                               PROC
  126 0000000E                 EXPORT           PendSV_Handler            [WEAK
]
  127 0000000E E7FE            B                .
  128 00000010                 ENDP
  129 00000010         SysTick_Handler
                               PROC
  130 00000010                 EXPORT           SysTick_Handler           [WEAK
]
  131 00000010 E7FE            B                .
  132 00000012                 ENDP
  133 00000012         
  134 00000012         Default_Handler
                               PROC
  135 00000012                 EXPORT           NMI_Handler               [WEAK
]
  136 00000012                 EXPORT           WakeUp_IRQHandler         [WEAK
]
  137 00000012                 EXPORT           PWM_Fault_IRQHandler      [WEAK
]
  138 00000012                 EXPORT           I2C_IRQHandler            [WEAK
]
  139 00000012                 EXPORT           TIM0_IRQHandler           [WEAK
]
  140 00000012                 EXPORT           TIM1_IRQHandler           [WEAK
]
  141 00000012                 EXPORT           TIM2_IRQHandler           [WEAK
]
  142 00000012                 EXPORT           TIM3_IRQHandler           [WEAK
]
  143 00000012                 EXPORT           UART0_IRQHandler          [WEAK
]
  144 00000012                 EXPORT           UART1_IRQHandler          [WEAK
]
  145 00000012                 EXPORT           ADC_IRQHandler            [WEAK
]
  146 00000012                 EXPORT           WDT_IRQHandler            [WEAK
]
  147 00000012                 EXPORT           BOD_IRQHandler            [WEAK
]
  148 00000012                 EXPORT           GPIOA_IRQHandler          [WEAK
]
  149 00000012                 EXPORT           GPIOB_IRQHandler          [WEAK
]
  150 00000012                 EXPORT           GPIOC_IRQHandler          [WEAK
]
  151 00000012                 EXPORT           RTC_IRQHandler            [WEAK
]
  152 00000012                 EXPORT           SPI_IRQHandler            [WEAK



ARM Macro Assembler    Page 5 


]
  153 00000012                 EXPORT           PWM_Reload_IRQHandler     [WEAK
]
  154 00000012         
  155 00000012         
  156 00000012         WakeUp_IRQHandler
  157 00000012         PWM_Fault_IRQHandler
  158 00000012         I2C_IRQHandler
  159 00000012         TIM0_IRQHandler
  160 00000012         TIM1_IRQHandler
  161 00000012         TIM2_IRQHandler
  162 00000012         TIM3_IRQHandler
  163 00000012         UART0_IRQHandler
  164 00000012         UART1_IRQHandler
  165 00000012         ADC_IRQHandler
  166 00000012         WDT_IRQHandler
  167 00000012         BOD_IRQHandler
  168 00000012         GPIOA_IRQHandler
  169 00000012         GPIOB_IRQHandler
  170 00000012         GPIOC_IRQHandler
  171 00000012         RTC_IRQHandler
  172 00000012         SPI_IRQHandler
  173 00000012         PWM_Reload_IRQHandler
  174 00000012         
  175 00000012 E7FE            B                .
  176 00000014                 ENDP
  177 00000014         
  178 00000014         
  179 00000014                 ALIGN
  180 00000014         
  181 00000014         
  182 00000014         ; User Initial Stack & Heap
  183 00000014         
  184 00000014                 IF               :DEF:__MICROLIB
  185 00000014         
  186 00000014                 EXPORT           __initial_sp
  187 00000014                 EXPORT           __heap_base
  188 00000014                 EXPORT           __heap_limit
  189 00000014         
  190 00000014                 ELSE
  204                          ENDIF
  205 00000014         
  206 00000014         
  207 00000014                 END
              00000000 
              00000000 
Command Line: --debug --xref --diag_suppress=9931 --cpu=Cortex-M0 --apcs=interw
ork --depend=.\objects\startup_gvm32f030.d -o.\objects\startup_gvm32f030.o -I.\
RTE\_Target_1 -ID:\Keil_v5\ARM\PACK\ARM\CMSIS\5.1.0\Device\ARM\ARMCM0\Include -
ID:\Keil_v5\ARM\CMSIS\Include --predefine="__MICROLIB SETA 1" --predefine="__UV
ISION_VERSION SETA 523" --predefine="ARMCM0 SETA 1" --list=.\listings\startup_g
vm32f030.lst ..\Libraries\CMSIS\Device\GV\gvm32f030\startup\startup_gvm32f030.s



ARM Macro Assembler    Page 1 Alphabetic symbol ordering
Relocatable symbols

STACK 00000000

Symbol: STACK
   Definitions
      At line 11 in file ..\Libraries\CMSIS\Device\GV\gvm32f030\startup\startup
_gvm32f030.s
   Uses
      None
Comment: STACK unused
Stack_Mem 00000000

Symbol: Stack_Mem
   Definitions
      At line 12 in file ..\Libraries\CMSIS\Device\GV\gvm32f030\startup\startup
_gvm32f030.s
   Uses
      None
Comment: Stack_Mem unused
__initial_sp 00000200

Symbol: __initial_sp
   Definitions
      At line 13 in file ..\Libraries\CMSIS\Device\GV\gvm32f030\startup\startup
_gvm32f030.s
   Uses
      At line 39 in file ..\Libraries\CMSIS\Device\GV\gvm32f030\startup\startup
_gvm32f030.s
      At line 186 in file ..\Libraries\CMSIS\Device\GV\gvm32f030\startup\startu
p_gvm32f030.s

3 symbols



ARM Macro Assembler    Page 1 Alphabetic symbol ordering
Relocatable symbols

HEAP 00000000

Symbol: HEAP
   Definitions
      At line 22 in file ..\Libraries\CMSIS\Device\GV\gvm32f030\startup\startup
_gvm32f030.s
   Uses
      None
Comment: HEAP unused
Heap_Mem 00000000

Symbol: Heap_Mem
   Definitions
      At line 24 in file ..\Libraries\CMSIS\Device\GV\gvm32f030\startup\startup
_gvm32f030.s
   Uses
      None
Comment: Heap_Mem unused
__heap_base 00000000

Symbol: __heap_base
   Definitions
      At line 23 in file ..\Libraries\CMSIS\Device\GV\gvm32f030\startup\startup
_gvm32f030.s
   Uses
      At line 187 in file ..\Libraries\CMSIS\Device\GV\gvm32f030\startup\startu
p_gvm32f030.s
Comment: __heap_base used once
__heap_limit 00000100

Symbol: __heap_limit
   Definitions
      At line 25 in file ..\Libraries\CMSIS\Device\GV\gvm32f030\startup\startup
_gvm32f030.s
   Uses
      At line 188 in file ..\Libraries\CMSIS\Device\GV\gvm32f030\startup\startu
p_gvm32f030.s
Comment: __heap_limit used once
4 symbols



ARM Macro Assembler    Page 1 Alphabetic symbol ordering
Relocatable symbols

RESET 00000000

Symbol: RESET
   Definitions
      At line 34 in file ..\Libraries\CMSIS\Device\GV\gvm32f030\startup\startup
_gvm32f030.s
   Uses
      None
Comment: RESET unused
__Vectors 00000000

Symbol: __Vectors
   Definitions
      At line 39 in file ..\Libraries\CMSIS\Device\GV\gvm32f030\startup\startup
_gvm32f030.s
   Uses
      At line 35 in file ..\Libraries\CMSIS\Device\GV\gvm32f030\startup\startup
_gvm32f030.s
      At line 92 in file ..\Libraries\CMSIS\Device\GV\gvm32f030\startup\startup
_gvm32f030.s

__Vectors_End 000000C0

Symbol: __Vectors_End
   Definitions
      At line 90 in file ..\Libraries\CMSIS\Device\GV\gvm32f030\startup\startup
_gvm32f030.s
   Uses
      At line 36 in file ..\Libraries\CMSIS\Device\GV\gvm32f030\startup\startup
_gvm32f030.s
      At line 92 in file ..\Libraries\CMSIS\Device\GV\gvm32f030\startup\startup
_gvm32f030.s

3 symbols



ARM Macro Assembler    Page 1 Alphabetic symbol ordering
Relocatable symbols

.text 00000000

Symbol: .text
   Definitions
      At line 94 in file ..\Libraries\CMSIS\Device\GV\gvm32f030\startup\startup
_gvm32f030.s
   Uses
      None
Comment: .text unused
ADC_IRQHandler 00000012

Symbol: ADC_IRQHandler
   Definitions
      At line 165 in file ..\Libraries\CMSIS\Device\GV\gvm32f030\startup\startu
p_gvm32f030.s
   Uses
      At line 66 in file ..\Libraries\CMSIS\Device\GV\gvm32f030\startup\startup
_gvm32f030.s
      At line 145 in file ..\Libraries\CMSIS\Device\GV\gvm32f030\startup\startu
p_gvm32f030.s

BOD_IRQHandler 00000012

Symbol: BOD_IRQHandler
   Definitions
      At line 167 in file ..\Libraries\CMSIS\Device\GV\gvm32f030\startup\startu
p_gvm32f030.s
   Uses
      At line 68 in file ..\Libraries\CMSIS\Device\GV\gvm32f030\startup\startup
_gvm32f030.s
      At line 147 in file ..\Libraries\CMSIS\Device\GV\gvm32f030\startup\startu
p_gvm32f030.s

Default_Handler 00000012

Symbol: Default_Handler
   Definitions
      At line 134 in file ..\Libraries\CMSIS\Device\GV\gvm32f030\startup\startu
p_gvm32f030.s
   Uses
      None
Comment: Default_Handler unused
GPIOA_IRQHandler 00000012

Symbol: GPIOA_IRQHandler
   Definitions
      At line 168 in file ..\Libraries\CMSIS\Device\GV\gvm32f030\startup\startu
p_gvm32f030.s
   Uses
      At line 69 in file ..\Libraries\CMSIS\Device\GV\gvm32f030\startup\startup
_gvm32f030.s
      At line 148 in file ..\Libraries\CMSIS\Device\GV\gvm32f030\startup\startu
p_gvm32f030.s

GPIOB_IRQHandler 00000012

Symbol: GPIOB_IRQHandler
   Definitions
      At line 169 in file ..\Libraries\CMSIS\Device\GV\gvm32f030\startup\startu



ARM Macro Assembler    Page 2 Alphabetic symbol ordering
Relocatable symbols

p_gvm32f030.s
   Uses
      At line 70 in file ..\Libraries\CMSIS\Device\GV\gvm32f030\startup\startup
_gvm32f030.s
      At line 149 in file ..\Libraries\CMSIS\Device\GV\gvm32f030\startup\startu
p_gvm32f030.s

GPIOC_IRQHandler 00000012

Symbol: GPIOC_IRQHandler
   Definitions
      At line 170 in file ..\Libraries\CMSIS\Device\GV\gvm32f030\startup\startu
p_gvm32f030.s
   Uses
      At line 71 in file ..\Libraries\CMSIS\Device\GV\gvm32f030\startup\startup
_gvm32f030.s
      At line 150 in file ..\Libraries\CMSIS\Device\GV\gvm32f030\startup\startu
p_gvm32f030.s

HardFault_Handler 0000000A

Symbol: HardFault_Handler
   Definitions
      At line 117 in file ..\Libraries\CMSIS\Device\GV\gvm32f030\startup\startu
p_gvm32f030.s
   Uses
      At line 42 in file ..\Libraries\CMSIS\Device\GV\gvm32f030\startup\startup
_gvm32f030.s
      At line 118 in file ..\Libraries\CMSIS\Device\GV\gvm32f030\startup\startu
p_gvm32f030.s

I2C_IRQHandler 00000012

Symbol: I2C_IRQHandler
   Definitions
      At line 158 in file ..\Libraries\CMSIS\Device\GV\gvm32f030\startup\startu
p_gvm32f030.s
   Uses
      At line 59 in file ..\Libraries\CMSIS\Device\GV\gvm32f030\startup\startup
_gvm32f030.s
      At line 138 in file ..\Libraries\CMSIS\Device\GV\gvm32f030\startup\startu
p_gvm32f030.s

NMI_Handler 00000008

Symbol: NMI_Handler
   Definitions
      At line 112 in file ..\Libraries\CMSIS\Device\GV\gvm32f030\startup\startu
p_gvm32f030.s
   Uses
      At line 41 in file ..\Libraries\CMSIS\Device\GV\gvm32f030\startup\startup
_gvm32f030.s
      At line 113 in file ..\Libraries\CMSIS\Device\GV\gvm32f030\startup\startu
p_gvm32f030.s
      At line 135 in file ..\Libraries\CMSIS\Device\GV\gvm32f030\startup\startu
p_gvm32f030.s

PWM_Fault_IRQHandler 00000012




ARM Macro Assembler    Page 3 Alphabetic symbol ordering
Relocatable symbols

Symbol: PWM_Fault_IRQHandler
   Definitions
      At line 157 in file ..\Libraries\CMSIS\Device\GV\gvm32f030\startup\startu
p_gvm32f030.s
   Uses
      At line 58 in file ..\Libraries\CMSIS\Device\GV\gvm32f030\startup\startup
_gvm32f030.s
      At line 137 in file ..\Libraries\CMSIS\Device\GV\gvm32f030\startup\startu
p_gvm32f030.s

PWM_Reload_IRQHandler 00000012

Symbol: PWM_Reload_IRQHandler
   Definitions
      At line 173 in file ..\Libraries\CMSIS\Device\GV\gvm32f030\startup\startu
p_gvm32f030.s
   Uses
      At line 74 in file ..\Libraries\CMSIS\Device\GV\gvm32f030\startup\startup
_gvm32f030.s
      At line 153 in file ..\Libraries\CMSIS\Device\GV\gvm32f030\startup\startu
p_gvm32f030.s

PendSV_Handler 0000000E

Symbol: PendSV_Handler
   Definitions
      At line 125 in file ..\Libraries\CMSIS\Device\GV\gvm32f030\startup\startu
p_gvm32f030.s
   Uses
      At line 53 in file ..\Libraries\CMSIS\Device\GV\gvm32f030\startup\startup
_gvm32f030.s
      At line 126 in file ..\Libraries\CMSIS\Device\GV\gvm32f030\startup\startu
p_gvm32f030.s

RTC_IRQHandler 00000012

Symbol: RTC_IRQHandler
   Definitions
      At line 171 in file ..\Libraries\CMSIS\Device\GV\gvm32f030\startup\startu
p_gvm32f030.s
   Uses
      At line 72 in file ..\Libraries\CMSIS\Device\GV\gvm32f030\startup\startup
_gvm32f030.s
      At line 151 in file ..\Libraries\CMSIS\Device\GV\gvm32f030\startup\startu
p_gvm32f030.s

Reset_Handler 00000000

Symbol: Reset_Handler
   Definitions
      At line 99 in file ..\Libraries\CMSIS\Device\GV\gvm32f030\startup\startup
_gvm32f030.s
   Uses
      At line 40 in file ..\Libraries\CMSIS\Device\GV\gvm32f030\startup\startup
_gvm32f030.s
      At line 100 in file ..\Libraries\CMSIS\Device\GV\gvm32f030\startup\startu
p_gvm32f030.s

SPI_IRQHandler 00000012



ARM Macro Assembler    Page 4 Alphabetic symbol ordering
Relocatable symbols


Symbol: SPI_IRQHandler
   Definitions
      At line 172 in file ..\Libraries\CMSIS\Device\GV\gvm32f030\startup\startu
p_gvm32f030.s
   Uses
      At line 73 in file ..\Libraries\CMSIS\Device\GV\gvm32f030\startup\startup
_gvm32f030.s
      At line 152 in file ..\Libraries\CMSIS\Device\GV\gvm32f030\startup\startu
p_gvm32f030.s

SVC_Handler 0000000C

Symbol: SVC_Handler
   Definitions
      At line 121 in file ..\Libraries\CMSIS\Device\GV\gvm32f030\startup\startu
p_gvm32f030.s
   Uses
      At line 50 in file ..\Libraries\CMSIS\Device\GV\gvm32f030\startup\startup
_gvm32f030.s
      At line 122 in file ..\Libraries\CMSIS\Device\GV\gvm32f030\startup\startu
p_gvm32f030.s

SysTick_Handler 00000010

Symbol: SysTick_Handler
   Definitions
      At line 129 in file ..\Libraries\CMSIS\Device\GV\gvm32f030\startup\startu
p_gvm32f030.s
   Uses
      At line 54 in file ..\Libraries\CMSIS\Device\GV\gvm32f030\startup\startup
_gvm32f030.s
      At line 130 in file ..\Libraries\CMSIS\Device\GV\gvm32f030\startup\startu
p_gvm32f030.s

TIM0_IRQHandler 00000012

Symbol: TIM0_IRQHandler
   Definitions
      At line 159 in file ..\Libraries\CMSIS\Device\GV\gvm32f030\startup\startu
p_gvm32f030.s
   Uses
      At line 60 in file ..\Libraries\CMSIS\Device\GV\gvm32f030\startup\startup
_gvm32f030.s
      At line 139 in file ..\Libraries\CMSIS\Device\GV\gvm32f030\startup\startu
p_gvm32f030.s

TIM1_IRQHandler 00000012

Symbol: TIM1_IRQHandler
   Definitions
      At line 160 in file ..\Libraries\CMSIS\Device\GV\gvm32f030\startup\startu
p_gvm32f030.s
   Uses
      At line 61 in file ..\Libraries\CMSIS\Device\GV\gvm32f030\startup\startup
_gvm32f030.s
      At line 140 in file ..\Libraries\CMSIS\Device\GV\gvm32f030\startup\startu
p_gvm32f030.s




ARM Macro Assembler    Page 5 Alphabetic symbol ordering
Relocatable symbols

TIM2_IRQHandler 00000012

Symbol: TIM2_IRQHandler
   Definitions
      At line 161 in file ..\Libraries\CMSIS\Device\GV\gvm32f030\startup\startu
p_gvm32f030.s
   Uses
      At line 62 in file ..\Libraries\CMSIS\Device\GV\gvm32f030\startup\startup
_gvm32f030.s
      At line 141 in file ..\Libraries\CMSIS\Device\GV\gvm32f030\startup\startu
p_gvm32f030.s

TIM3_IRQHandler 00000012

Symbol: TIM3_IRQHandler
   Definitions
      At line 162 in file ..\Libraries\CMSIS\Device\GV\gvm32f030\startup\startu
p_gvm32f030.s
   Uses
      At line 63 in file ..\Libraries\CMSIS\Device\GV\gvm32f030\startup\startup
_gvm32f030.s
      At line 142 in file ..\Libraries\CMSIS\Device\GV\gvm32f030\startup\startu
p_gvm32f030.s

UART0_IRQHandler 00000012

Symbol: UART0_IRQHandler
   Definitions
      At line 163 in file ..\Libraries\CMSIS\Device\GV\gvm32f030\startup\startu
p_gvm32f030.s
   Uses
      At line 64 in file ..\Libraries\CMSIS\Device\GV\gvm32f030\startup\startup
_gvm32f030.s
      At line 143 in file ..\Libraries\CMSIS\Device\GV\gvm32f030\startup\startu
p_gvm32f030.s

UART1_IRQHandler 00000012

Symbol: UART1_IRQHandler
   Definitions
      At line 164 in file ..\Libraries\CMSIS\Device\GV\gvm32f030\startup\startu
p_gvm32f030.s
   Uses
      At line 65 in file ..\Libraries\CMSIS\Device\GV\gvm32f030\startup\startup
_gvm32f030.s
      At line 144 in file ..\Libraries\CMSIS\Device\GV\gvm32f030\startup\startu
p_gvm32f030.s

WDT_IRQHandler 00000012

Symbol: WDT_IRQHandler
   Definitions
      At line 166 in file ..\Libraries\CMSIS\Device\GV\gvm32f030\startup\startu
p_gvm32f030.s
   Uses
      At line 67 in file ..\Libraries\CMSIS\Device\GV\gvm32f030\startup\startup
_gvm32f030.s
      At line 146 in file ..\Libraries\CMSIS\Device\GV\gvm32f030\startup\startu
p_gvm32f030.s



ARM Macro Assembler    Page 6 Alphabetic symbol ordering
Relocatable symbols


WakeUp_IRQHandler 00000012

Symbol: WakeUp_IRQHandler
   Definitions
      At line 156 in file ..\Libraries\CMSIS\Device\GV\gvm32f030\startup\startu
p_gvm32f030.s
   Uses
      At line 57 in file ..\Libraries\CMSIS\Device\GV\gvm32f030\startup\startup
_gvm32f030.s
      At line 136 in file ..\Libraries\CMSIS\Device\GV\gvm32f030\startup\startu
p_gvm32f030.s

26 symbols



ARM Macro Assembler    Page 1 Alphabetic symbol ordering
Absolute symbols

Heap_Size 00000100

Symbol: Heap_Size
   Definitions
      At line 20 in file ..\Libraries\CMSIS\Device\GV\gvm32f030\startup\startup
_gvm32f030.s
   Uses
      At line 24 in file ..\Libraries\CMSIS\Device\GV\gvm32f030\startup\startup
_gvm32f030.s
Comment: Heap_Size used once
Stack_Size 00000200

Symbol: Stack_Size
   Definitions
      At line 9 in file ..\Libraries\CMSIS\Device\GV\gvm32f030\startup\startup_
gvm32f030.s
   Uses
      At line 12 in file ..\Libraries\CMSIS\Device\GV\gvm32f030\startup\startup
_gvm32f030.s
Comment: Stack_Size used once
__Vectors_Size 000000C0

Symbol: __Vectors_Size
   Definitions
      At line 92 in file ..\Libraries\CMSIS\Device\GV\gvm32f030\startup\startup
_gvm32f030.s
   Uses
      At line 37 in file ..\Libraries\CMSIS\Device\GV\gvm32f030\startup\startup
_gvm32f030.s
Comment: __Vectors_Size used once
3 symbols



ARM Macro Assembler    Page 1 Alphabetic symbol ordering
External symbols

SystemInit 00000000

Symbol: SystemInit
   Definitions
      At line 101 in file ..\Libraries\CMSIS\Device\GV\gvm32f030\startup\startu
p_gvm32f030.s
   Uses
      At line 103 in file ..\Libraries\CMSIS\Device\GV\gvm32f030\startup\startu
p_gvm32f030.s
Comment: SystemInit used once
__main 00000000

Symbol: __main
   Definitions
      At line 102 in file ..\Libraries\CMSIS\Device\GV\gvm32f030\startup\startu
p_gvm32f030.s
   Uses
      At line 105 in file ..\Libraries\CMSIS\Device\GV\gvm32f030\startup\startu
p_gvm32f030.s
Comment: __main used once
2 symbols
376 symbols in table
